-------------------------------------------------------------------------------
Test set: ci.gcorp.countries.manager.CountriesManagerApplicationTests
-------------------------------------------------------------------------------
Tests run: 1, Failures: 0, Errors: 1, Skipped: 0, Time elapsed: 1.974 s <<< FAILURE! - in ci.gcorp.countries.manager.CountriesManagerApplicationTests
contextLoads(ci.gcorp.countries.manager.CountriesManagerApplicationTests)  Time elapsed: 0.001 s  <<< ERROR!
java.lang.IllegalStateException: Failed to load ApplicationContext
Caused by: org.springframework.beans.factory.UnsatisfiedDependencyException: Error creating bean with name 'countriesController': Unsatisfied dependency expressed through field 'countriesService'; nested exception is org.springframework.beans.factory.UnsatisfiedDependencyException: Error creating bean with name 'countriesService': Unsatisfied dependency expressed through field 'countryRepository'; nested exception is org.springframework.beans.factory.BeanCreationException: Error creating bean with name 'countryRepository' defined in file [/Users/geovani.anoman/Dropbox/operantic/test/countries-manager/target/classes/ci/gcorp/countries/manager/repository/CountryRepository.class]: Instantiation of bean failed; nested exception is org.springframework.beans.BeanInstantiationException: Failed to instantiate [ci.gcorp.countries.manager.repository.CountryRepository]: Constructor threw exception; nested exception is java.lang.NoClassDefFoundError: com/fasterxml/jackson/databind/exc/InvalidDefinitionException
Caused by: org.springframework.beans.factory.UnsatisfiedDependencyException: Error creating bean with name 'countriesService': Unsatisfied dependency expressed through field 'countryRepository'; nested exception is org.springframework.beans.factory.BeanCreationException: Error creating bean with name 'countryRepository' defined in file [/Users/geovani.anoman/Dropbox/operantic/test/countries-manager/target/classes/ci/gcorp/countries/manager/repository/CountryRepository.class]: Instantiation of bean failed; nested exception is org.springframework.beans.BeanInstantiationException: Failed to instantiate [ci.gcorp.countries.manager.repository.CountryRepository]: Constructor threw exception; nested exception is java.lang.NoClassDefFoundError: com/fasterxml/jackson/databind/exc/InvalidDefinitionException
Caused by: org.springframework.beans.factory.BeanCreationException: Error creating bean with name 'countryRepository' defined in file [/Users/geovani.anoman/Dropbox/operantic/test/countries-manager/target/classes/ci/gcorp/countries/manager/repository/CountryRepository.class]: Instantiation of bean failed; nested exception is org.springframework.beans.BeanInstantiationException: Failed to instantiate [ci.gcorp.countries.manager.repository.CountryRepository]: Constructor threw exception; nested exception is java.lang.NoClassDefFoundError: com/fasterxml/jackson/databind/exc/InvalidDefinitionException
Caused by: org.springframework.beans.BeanInstantiationException: Failed to instantiate [ci.gcorp.countries.manager.repository.CountryRepository]: Constructor threw exception; nested exception is java.lang.NoClassDefFoundError: com/fasterxml/jackson/databind/exc/InvalidDefinitionException
Caused by: java.lang.NoClassDefFoundError: com/fasterxml/jackson/databind/exc/InvalidDefinitionException
Caused by: java.lang.ClassNotFoundException: com.fasterxml.jackson.databind.exc.InvalidDefinitionException

